0 info it worked if it ends with ok
1 verbose cli [ '/usr/bin/nodejs', '/usr/bin/npm', 'run', 'dev:start' ]
2 info using npm@3.10.10
3 info using node@v6.11.0
4 verbose run-script [ 'predev:start', 'dev:start', 'postdev:start' ]
5 info lifecycle roomspace@1.0.0~predev:start: roomspace@1.0.0
6 silly lifecycle roomspace@1.0.0~predev:start: no script for predev:start, continuing
7 info lifecycle roomspace@1.0.0~dev:start: roomspace@1.0.0
8 verbose lifecycle roomspace@1.0.0~dev:start: unsafe-perm in lifecycle true
9 verbose lifecycle roomspace@1.0.0~dev:start: PATH: /usr/lib/node_modules/npm/bin/node-gyp-bin:/home/pi/Code/roomSpace/node_modules/.bin:/usr/local/sbin:/usr/local/bin:/usr/sbin:/usr/bin:/sbin:/bin:/usr/local/games:/usr/games
10 verbose lifecycle roomspace@1.0.0~dev:start: CWD: /home/pi/Code/roomSpace
11 silly lifecycle roomspace@1.0.0~dev:start: Args: [ '-c', 'nodemon dist/server.js --watch dist/server.js' ]
12 info lifecycle roomspace@1.0.0~dev:start: Failed to exec dev:start script
13 verbose stack Error: roomspace@1.0.0 dev:start: `nodemon dist/server.js --watch dist/server.js`
13 verbose stack spawn ENOENT
13 verbose stack     at ChildProcess.<anonymous> (/usr/lib/node_modules/npm/lib/utils/spawn.js:33:16)
13 verbose stack     at emitTwo (events.js:106:13)
13 verbose stack     at ChildProcess.emit (events.js:191:7)
13 verbose stack     at maybeClose (internal/child_process.js:891:16)
13 verbose stack     at Process.ChildProcess._handle.onexit (internal/child_process.js:226:5)
14 verbose pkgid roomspace@1.0.0
15 verbose cwd /home/pi/Code/roomSpace
16 error Linux 4.9.28-v7+
17 error argv "/usr/bin/nodejs" "/usr/bin/npm" "run" "dev:start"
18 error node v6.11.0
19 error npm  v3.10.10
20 error file sh
21 error code ELIFECYCLE
22 error errno ENOENT
23 error syscall spawn
24 error roomspace@1.0.0 dev:start: `nodemon dist/server.js --watch dist/server.js`
24 error spawn ENOENT
25 error Failed at the roomspace@1.0.0 dev:start script 'nodemon dist/server.js --watch dist/server.js'.
25 error Make sure you have the latest version of node.js and npm installed.
25 error If you do, this is most likely a problem with the roomspace package,
25 error not with npm itself.
25 error Tell the author that this fails on your system:
25 error     nodemon dist/server.js --watch dist/server.js
25 error You can get information on how to open an issue for this project with:
25 error     npm bugs roomspace
25 error Or if that isn't available, you can get their info via:
25 error     npm owner ls roomspace
25 error There is likely additional logging output above.
26 verbose exit [ 1, true ]
